<?xml version="1.0" encoding="UTF-8"?>
<testsuite name="TestSuite" time="2,055.971" tests="6" errors="0" skipped="4" failures="2">
  <properties>
[...]
</properties>
  <testcase name="setup" classname="com.AudiV1.testCases.TC_LoginTest_001" time="690.254">
    <failure message="session not created&#10;from timeout: Timed out receiving message from renderer: 600.000&#10;  (Session info: chrome=87.0.4280.88)&#10;Build info: version: &apos;3.141.59&apos;, revision: &apos;e82be7d358&apos;, time: &apos;2018-11-14T08:17:03&apos;&#10;System info: host: &apos;DESKTOP-TBDFFO0&apos;, ip: &apos;192.168.0.104&apos;, os.name: &apos;Windows 10&apos;, os.arch: &apos;amd64&apos;, os.version: &apos;10.0&apos;, java.version: &apos;1.8.0_191&apos;&#10;Driver info: driver.version: ChromeDriver&#10;remote stacktrace: Backtrace:&#10;	Ordinal0 [0x0070ECE3+3337443]&#10;	Ordinal0 [0x005EF041+2158657]&#10;	Ordinal0 [0x00476FA8+618408]&#10;	Ordinal0 [0x0046AE8F+568975]&#10;	Ordinal0 [0x0046A131+565553]&#10;	Ordinal0 [0x0046A525+566565]&#10;	Ordinal0 [0x00469E45+564805]&#10;	Ordinal0 [0x004735C1+603585]&#10;	Ordinal0 [0x00469E01+564737]&#10;	Ordinal0 [0x0046ABB2+568242]&#10;	Ordinal0 [0x0046A131+565553]&#10;	Ordinal0 [0x0046A525+566565]&#10;	Ordinal0 [0x00469E45+564805]&#10;	Ordinal0 [0x00471A3C+596540]&#10;	Ordinal0 [0x00469E01+564737]&#10;	Ordinal0 [0x0046ABB2+568242]&#10;	Ordinal0 [0x0046A131+565553]&#10;	Ordinal0 [0x0046A525+566565]&#10;	Ordinal0 [0x00469E45+564805]&#10;	Ordinal0 [0x0046FB72+588658]&#10;	Ordinal0 [0x00469E01+564737]&#10;	Ordinal0 [0x0046ABB2+568242]&#10;	Ordinal0 [0x0046A131+565553]&#10;	Ordinal0 [0x0046A525+566565]&#10;	Ordinal0 [0x00469E45+564805]&#10;	Ordinal0 [0x0046ED85+585093]&#10;	Ordinal0 [0x00469E01+564737]&#10;	Ordinal0 [0x0046ABB2+568242]&#10;	Ordinal0 [0x0046A131+565553]&#10;	Ordinal0 [0x0046A525+566565]&#10;	Ordinal0 [0x00469E45+564805]&#10;	Ordinal0 [0x00466486+550022]&#10;	Ordinal0 [0x00469E01+564737]&#10;	Ordinal0 [0x00469C23+564259]&#10;	Ordinal0 [0x00469A17+563735]&#10;	Ordinal0 [0x00477FD0+622544]&#10;	Ordinal0 [0x00416B2D+224045]&#10;	Ordinal0 [0x00415BFC+220156]&#10;	Ordinal0 [0x0041181B+202779]&#10;	Ordinal0 [0x003F3D74+81268]&#10;	Ordinal0 [0x003F4D6E+85358]&#10;	Ordinal0 [0x003F4CF9+85241]&#10;	Ordinal0 [0x00606F2C+2256684]&#10;	GetHandleVerifier [0x00892FAC+1478332]&#10;	GetHandleVerifier [0x00892AFD+1477133]&#10;	GetHandleVerifier [0x0089AAD8+1509864]&#10;	GetHandleVerifier [0x0089369E+1480110]&#10;	Ordinal0 [0x005FD6BD+2217661]&#10;	Ordinal0 [0x006089AB+2263467]&#10;	Ordinal0 [0x00608AEF+2263791]&#10;	Ordinal0 [0x0061D363+2347875]&#10;	BaseThreadInitThunk [0x76E4FA29+25]&#10;	RtlGetAppContainerNamedObjectPath [0x77AA75F4+228]&#10;	RtlGetAppContainerNamedObjectPath [0x77AA75C4+180]&#10;" type="org.openqa.selenium.SessionNotCreatedException"><![CDATA[org.openqa.selenium.SessionNotCreatedException: session not created
from timeout: Timed out receiving message from renderer: 600.000
  (Session info: chrome=87.0.4280.88)
Build info: version: '3.141.59', revision: 'e82be7d358', time: '2018-11-14T08:17:03'
System info: host: 'DESKTOP-TBDFFO0', ip: '192.168.0.104', os.name: 'Windows 10', os.arch: 'amd64', os.version: '10.0', java.version: '1.8.0_191'
Driver info: driver.version: ChromeDriver
remote stacktrace: Backtrace:
	Ordinal0 [0x0070ECE3+3337443]
	Ordinal0 [0x005EF041+2158657]
	Ordinal0 [0x00476FA8+618408]
	Ordinal0 [0x0046AE8F+568975]
	Ordinal0 [0x0046A131+565553]
	Ordinal0 [0x0046A525+566565]
	Ordinal0 [0x00469E45+564805]
	Ordinal0 [0x004735C1+603585]
	Ordinal0 [0x00469E01+564737]
	Ordinal0 [0x0046ABB2+568242]
	Ordinal0 [0x0046A131+565553]
	Ordinal0 [0x0046A525+566565]
	Ordinal0 [0x00469E45+564805]
	Ordinal0 [0x00471A3C+596540]
	Ordinal0 [0x00469E01+564737]
	Ordinal0 [0x0046ABB2+568242]
	Ordinal0 [0x0046A131+565553]
	Ordinal0 [0x0046A525+566565]
	Ordinal0 [0x00469E45+564805]
	Ordinal0 [0x0046FB72+588658]
	Ordinal0 [0x00469E01+564737]
	Ordinal0 [0x0046ABB2+568242]
	Ordinal0 [0x0046A131+565553]
	Ordinal0 [0x0046A525+566565]
	Ordinal0 [0x00469E45+564805]
	Ordinal0 [0x0046ED85+585093]
	Ordinal0 [0x00469E01+564737]
	Ordinal0 [0x0046ABB2+568242]
	Ordinal0 [0x0046A131+565553]
	Ordinal0 [0x0046A525+566565]
	Ordinal0 [0x00469E45+564805]
	Ordinal0 [0x00466486+550022]
	Ordinal0 [0x00469E01+564737]
	Ordinal0 [0x00469C23+564259]
	Ordinal0 [0x00469A17+563735]
	Ordinal0 [0x00477FD0+622544]
	Ordinal0 [0x00416B2D+224045]
	Ordinal0 [0x00415BFC+220156]
	Ordinal0 [0x0041181B+202779]
	Ordinal0 [0x003F3D74+81268]
	Ordinal0 [0x003F4D6E+85358]
	Ordinal0 [0x003F4CF9+85241]
	Ordinal0 [0x00606F2C+2256684]
	GetHandleVerifier [0x00892FAC+1478332]
	GetHandleVerifier [0x00892AFD+1477133]
	GetHandleVerifier [0x0089AAD8+1509864]
	GetHandleVerifier [0x0089369E+1480110]
	Ordinal0 [0x005FD6BD+2217661]
	Ordinal0 [0x006089AB+2263467]
	Ordinal0 [0x00608AEF+2263791]
	Ordinal0 [0x0061D363+2347875]
	BaseThreadInitThunk [0x76E4FA29+25]
	RtlGetAppContainerNamedObjectPath [0x77AA75F4+228]
	RtlGetAppContainerNamedObjectPath [0x77AA75C4+180]

	at sun.reflect.NativeConstructorAccessorImpl.newInstance0(Native Method)
	at sun.reflect.NativeConstructorAccessorImpl.newInstance(NativeConstructorAccessorImpl.java:62)
	at sun.reflect.DelegatingConstructorAccessorImpl.newInstance(DelegatingConstructorAccessorImpl.java:45)
	at java.lang.reflect.Constructor.newInstance(Constructor.java:423)
	at org.openqa.selenium.remote.W3CHandshakeResponse.lambda$errorHandler$0(W3CHandshakeResponse.java:62)
	at org.openqa.selenium.remote.HandshakeResponse.lambda$getResponseFunction$0(HandshakeResponse.java:30)
	at org.openqa.selenium.remote.ProtocolHandshake.lambda$createSession$0(ProtocolHandshake.java:126)
	at java.util.stream.ReferencePipeline$3$1.accept(ReferencePipeline.java:193)
	at java.util.Spliterators$ArraySpliterator.tryAdvance(Spliterators.java:958)
	at java.util.stream.ReferencePipeline.forEachWithCancel(ReferencePipeline.java:126)
	at java.util.stream.AbstractPipeline.copyIntoWithCancel(AbstractPipeline.java:498)
	at java.util.stream.AbstractPipeline.copyInto(AbstractPipeline.java:485)
	at java.util.stream.AbstractPipeline.wrapAndCopyInto(AbstractPipeline.java:471)
	at java.util.stream.FindOps$FindOp.evaluateSequential(FindOps.java:152)
	at java.util.stream.AbstractPipeline.evaluate(AbstractPipeline.java:234)
	at java.util.stream.ReferencePipeline.findFirst(ReferencePipeline.java:464)
	at org.openqa.selenium.remote.ProtocolHandshake.createSession(ProtocolHandshake.java:128)
	at org.openqa.selenium.remote.ProtocolHandshake.createSession(ProtocolHandshake.java:74)
	at org.openqa.selenium.remote.HttpCommandExecutor.execute(HttpCommandExecutor.java:136)
	at org.openqa.selenium.remote.service.DriverCommandExecutor.execute(DriverCommandExecutor.java:83)
	at org.openqa.selenium.remote.RemoteWebDriver.execute(RemoteWebDriver.java:552)
	at org.openqa.selenium.remote.RemoteWebDriver.startSession(RemoteWebDriver.java:213)
	at org.openqa.selenium.remote.RemoteWebDriver.<init>(RemoteWebDriver.java:131)
	at org.openqa.selenium.chrome.ChromeDriver.<init>(ChromeDriver.java:181)
	at org.openqa.selenium.chrome.ChromeDriver.<init>(ChromeDriver.java:168)
	at org.openqa.selenium.chrome.ChromeDriver.<init>(ChromeDriver.java:123)
	at com.AudiV1.testCases.BaseClass.setup(BaseClass.java:75)
	at sun.reflect.NativeMethodAccessorImpl.invoke0(Native Method)
	at sun.reflect.NativeMethodAccessorImpl.invoke(NativeMethodAccessorImpl.java:62)
	at sun.reflect.DelegatingMethodAccessorImpl.invoke(DelegatingMethodAccessorImpl.java:43)
	at java.lang.reflect.Method.invoke(Method.java:498)
	at org.testng.internal.MethodInvocationHelper.invokeMethod(MethodInvocationHelper.java:124)
	at org.testng.internal.MethodInvocationHelper.invokeMethodConsideringTimeout(MethodInvocationHelper.java:59)
	at org.testng.internal.Invoker.invokeConfigurationMethod(Invoker.java:458)
	at org.testng.internal.Invoker.invokeConfigurations(Invoker.java:222)
	at org.testng.internal.Invoker.invokeConfigurations(Invoker.java:142)
	at org.testng.internal.TestMethodWorker.invokeBeforeClassMethods(TestMethodWorker.java:168)
	at org.testng.internal.TestMethodWorker.run(TestMethodWorker.java:105)
	at org.testng.TestRunner.privateRun(TestRunner.java:648)
	at org.testng.TestRunner.run(TestRunner.java:505)
	at org.testng.SuiteRunner.runTest(SuiteRunner.java:455)
	at org.testng.SuiteRunner.runSequentially(SuiteRunner.java:450)
	at org.testng.SuiteRunner.privateRun(SuiteRunner.java:415)
	at org.testng.SuiteRunner.run(SuiteRunner.java:364)
	at org.testng.SuiteRunnerWorker.runSuite(SuiteRunnerWorker.java:52)
	at org.testng.SuiteRunnerWorker.run(SuiteRunnerWorker.java:84)
	at org.testng.TestNG.runSuitesSequentially(TestNG.java:1208)
	at org.testng.TestNG.runSuitesLocally(TestNG.java:1137)
	at org.testng.TestNG.runSuites(TestNG.java:1049)
	at org.testng.TestNG.run(TestNG.java:1017)
	at org.apache.maven.surefire.testng.TestNGExecutor.run(TestNGExecutor.java:295)
	at org.apache.maven.surefire.testng.TestNGXmlTestSuite.execute(TestNGXmlTestSuite.java:84)
	at org.apache.maven.surefire.testng.TestNGProvider.invoke(TestNGProvider.java:90)
	at org.apache.maven.surefire.booter.ForkedBooter.invokeProviderInSameClassLoader(ForkedBooter.java:203)
	at org.apache.maven.surefire.booter.ForkedBooter.runSuitesInProcess(ForkedBooter.java:155)
	at org.apache.maven.surefire.booter.ForkedBooter.main(ForkedBooter.java:103)
]]></failure>
    <system-err><![CDATA[Starting ChromeDriver 87.0.4280.20 (c99e81631faa0b2a448e658c0dbd8311fb04ddbd-refs/branch-heads/4280@{#355}) on port 13261
Only local connections are allowed.
Please see https://chromedriver.chromium.org/security-considerations for suggestions on keeping ChromeDriver safe.
ChromeDriver was started successfully.
[1609782063.279][SEVERE]: Timed out receiving message from renderer: 600.000
]]></system-err>
  </testcase>
  <testcase name="loginTest" classname="com.AudiV1.testCases.TC_LoginTest_001" time="0">
    <skipped/>
  </testcase>
  <testcase name="tearDown" classname="com.AudiV1.testCases.TC_LoginTest_001" time="0">
    <skipped/>
  </testcase>
  <testcase name="setup" classname="com.AudiV1.testCases.TC_AddNewCustomer" time="1,365.717">
    <failure message="session not created&#10;from timeout: Timed out receiving message from renderer: 600.000&#10;  (Session info: chrome=87.0.4280.88)&#10;Build info: version: &apos;3.141.59&apos;, revision: &apos;e82be7d358&apos;, time: &apos;2018-11-14T08:17:03&apos;&#10;System info: host: &apos;DESKTOP-TBDFFO0&apos;, ip: &apos;192.168.0.104&apos;, os.name: &apos;Windows 10&apos;, os.arch: &apos;amd64&apos;, os.version: &apos;10.0&apos;, java.version: &apos;1.8.0_191&apos;&#10;Driver info: driver.version: ChromeDriver&#10;remote stacktrace: Backtrace:&#10;	Ordinal0 [0x0070ECE3+3337443]&#10;	Ordinal0 [0x005EF041+2158657]&#10;	Ordinal0 [0x00476FA8+618408]&#10;	Ordinal0 [0x0046AE8F+568975]&#10;	Ordinal0 [0x0046A131+565553]&#10;	Ordinal0 [0x0046A525+566565]&#10;	Ordinal0 [0x00469E45+564805]&#10;	Ordinal0 [0x0046FC00+588800]&#10;	Ordinal0 [0x00469E01+564737]&#10;	Ordinal0 [0x0046ABB2+568242]&#10;	Ordinal0 [0x0046A131+565553]&#10;	Ordinal0 [0x0046A525+566565]&#10;	Ordinal0 [0x00469E45+564805]&#10;	Ordinal0 [0x0046ED85+585093]&#10;	Ordinal0 [0x00469E01+564737]&#10;	Ordinal0 [0x0046ABB2+568242]&#10;	Ordinal0 [0x0046A131+565553]&#10;	Ordinal0 [0x0046A525+566565]&#10;	Ordinal0 [0x00469E45+564805]&#10;	Ordinal0 [0x00466486+550022]&#10;	Ordinal0 [0x00469E01+564737]&#10;	Ordinal0 [0x00469C23+564259]&#10;	Ordinal0 [0x00469A17+563735]&#10;	Ordinal0 [0x00477FD0+622544]&#10;	Ordinal0 [0x00416B2D+224045]&#10;	Ordinal0 [0x00415BFC+220156]&#10;	Ordinal0 [0x0041181B+202779]&#10;	Ordinal0 [0x003F3D74+81268]&#10;	Ordinal0 [0x003F4D6E+85358]&#10;	Ordinal0 [0x003F4CF9+85241]&#10;	Ordinal0 [0x00606F2C+2256684]&#10;	GetHandleVerifier [0x00892FAC+1478332]&#10;	GetHandleVerifier [0x00892AFD+1477133]&#10;	GetHandleVerifier [0x0089AAD8+1509864]&#10;	GetHandleVerifier [0x0089369E+1480110]&#10;	Ordinal0 [0x005FD6BD+2217661]&#10;	Ordinal0 [0x006089AB+2263467]&#10;	Ordinal0 [0x00608AEF+2263791]&#10;	Ordinal0 [0x0061D363+2347875]&#10;	BaseThreadInitThunk [0x76E4FA29+25]&#10;	RtlGetAppContainerNamedObjectPath [0x77AA75F4+228]&#10;	RtlGetAppContainerNamedObjectPath [0x77AA75C4+180]&#10;" type="org.openqa.selenium.SessionNotCreatedException"><![CDATA[org.openqa.selenium.SessionNotCreatedException: session not created
from timeout: Timed out receiving message from renderer: 600.000
  (Session info: chrome=87.0.4280.88)
Build info: version: '3.141.59', revision: 'e82be7d358', time: '2018-11-14T08:17:03'
System info: host: 'DESKTOP-TBDFFO0', ip: '192.168.0.104', os.name: 'Windows 10', os.arch: 'amd64', os.version: '10.0', java.version: '1.8.0_191'
Driver info: driver.version: ChromeDriver
remote stacktrace: Backtrace:
	Ordinal0 [0x0070ECE3+3337443]
	Ordinal0 [0x005EF041+2158657]
	Ordinal0 [0x00476FA8+618408]
	Ordinal0 [0x0046AE8F+568975]
	Ordinal0 [0x0046A131+565553]
	Ordinal0 [0x0046A525+566565]
	Ordinal0 [0x00469E45+564805]
	Ordinal0 [0x0046FC00+588800]
	Ordinal0 [0x00469E01+564737]
	Ordinal0 [0x0046ABB2+568242]
	Ordinal0 [0x0046A131+565553]
	Ordinal0 [0x0046A525+566565]
	Ordinal0 [0x00469E45+564805]
	Ordinal0 [0x0046ED85+585093]
	Ordinal0 [0x00469E01+564737]
	Ordinal0 [0x0046ABB2+568242]
	Ordinal0 [0x0046A131+565553]
	Ordinal0 [0x0046A525+566565]
	Ordinal0 [0x00469E45+564805]
	Ordinal0 [0x00466486+550022]
	Ordinal0 [0x00469E01+564737]
	Ordinal0 [0x00469C23+564259]
	Ordinal0 [0x00469A17+563735]
	Ordinal0 [0x00477FD0+622544]
	Ordinal0 [0x00416B2D+224045]
	Ordinal0 [0x00415BFC+220156]
	Ordinal0 [0x0041181B+202779]
	Ordinal0 [0x003F3D74+81268]
	Ordinal0 [0x003F4D6E+85358]
	Ordinal0 [0x003F4CF9+85241]
	Ordinal0 [0x00606F2C+2256684]
	GetHandleVerifier [0x00892FAC+1478332]
	GetHandleVerifier [0x00892AFD+1477133]
	GetHandleVerifier [0x0089AAD8+1509864]
	GetHandleVerifier [0x0089369E+1480110]
	Ordinal0 [0x005FD6BD+2217661]
	Ordinal0 [0x006089AB+2263467]
	Ordinal0 [0x00608AEF+2263791]
	Ordinal0 [0x0061D363+2347875]
	BaseThreadInitThunk [0x76E4FA29+25]
	RtlGetAppContainerNamedObjectPath [0x77AA75F4+228]
	RtlGetAppContainerNamedObjectPath [0x77AA75C4+180]

	at sun.reflect.NativeConstructorAccessorImpl.newInstance0(Native Method)
	at sun.reflect.NativeConstructorAccessorImpl.newInstance(NativeConstructorAccessorImpl.java:62)
	at sun.reflect.DelegatingConstructorAccessorImpl.newInstance(DelegatingConstructorAccessorImpl.java:45)
	at java.lang.reflect.Constructor.newInstance(Constructor.java:423)
	at org.openqa.selenium.remote.W3CHandshakeResponse.lambda$errorHandler$0(W3CHandshakeResponse.java:62)
	at org.openqa.selenium.remote.HandshakeResponse.lambda$getResponseFunction$0(HandshakeResponse.java:30)
	at org.openqa.selenium.remote.ProtocolHandshake.lambda$createSession$0(ProtocolHandshake.java:126)
	at java.util.stream.ReferencePipeline$3$1.accept(ReferencePipeline.java:193)
	at java.util.Spliterators$ArraySpliterator.tryAdvance(Spliterators.java:958)
	at java.util.stream.ReferencePipeline.forEachWithCancel(ReferencePipeline.java:126)
	at java.util.stream.AbstractPipeline.copyIntoWithCancel(AbstractPipeline.java:498)
	at java.util.stream.AbstractPipeline.copyInto(AbstractPipeline.java:485)
	at java.util.stream.AbstractPipeline.wrapAndCopyInto(AbstractPipeline.java:471)
	at java.util.stream.FindOps$FindOp.evaluateSequential(FindOps.java:152)
	at java.util.stream.AbstractPipeline.evaluate(AbstractPipeline.java:234)
	at java.util.stream.ReferencePipeline.findFirst(ReferencePipeline.java:464)
	at org.openqa.selenium.remote.ProtocolHandshake.createSession(ProtocolHandshake.java:128)
	at org.openqa.selenium.remote.ProtocolHandshake.createSession(ProtocolHandshake.java:74)
	at org.openqa.selenium.remote.HttpCommandExecutor.execute(HttpCommandExecutor.java:136)
	at org.openqa.selenium.remote.service.DriverCommandExecutor.execute(DriverCommandExecutor.java:83)
	at org.openqa.selenium.remote.RemoteWebDriver.execute(RemoteWebDriver.java:552)
	at org.openqa.selenium.remote.RemoteWebDriver.startSession(RemoteWebDriver.java:213)
	at org.openqa.selenium.remote.RemoteWebDriver.<init>(RemoteWebDriver.java:131)
	at org.openqa.selenium.chrome.ChromeDriver.<init>(ChromeDriver.java:181)
	at org.openqa.selenium.chrome.ChromeDriver.<init>(ChromeDriver.java:168)
	at org.openqa.selenium.chrome.ChromeDriver.<init>(ChromeDriver.java:123)
	at com.AudiV1.testCases.BaseClass.setup(BaseClass.java:75)
	at sun.reflect.NativeMethodAccessorImpl.invoke0(Native Method)
	at sun.reflect.NativeMethodAccessorImpl.invoke(NativeMethodAccessorImpl.java:62)
	at sun.reflect.DelegatingMethodAccessorImpl.invoke(DelegatingMethodAccessorImpl.java:43)
	at java.lang.reflect.Method.invoke(Method.java:498)
	at org.testng.internal.MethodInvocationHelper.invokeMethod(MethodInvocationHelper.java:124)
	at org.testng.internal.MethodInvocationHelper.invokeMethodConsideringTimeout(MethodInvocationHelper.java:59)
	at org.testng.internal.Invoker.invokeConfigurationMethod(Invoker.java:458)
	at org.testng.internal.Invoker.invokeConfigurations(Invoker.java:222)
	at org.testng.internal.Invoker.invokeConfigurations(Invoker.java:142)
	at org.testng.internal.TestMethodWorker.invokeBeforeClassMethods(TestMethodWorker.java:168)
	at org.testng.internal.TestMethodWorker.run(TestMethodWorker.java:105)
	at org.testng.TestRunner.privateRun(TestRunner.java:648)
	at org.testng.TestRunner.run(TestRunner.java:505)
	at org.testng.SuiteRunner.runTest(SuiteRunner.java:455)
	at org.testng.SuiteRunner.runSequentially(SuiteRunner.java:450)
	at org.testng.SuiteRunner.privateRun(SuiteRunner.java:415)
	at org.testng.SuiteRunner.run(SuiteRunner.java:364)
	at org.testng.SuiteRunnerWorker.runSuite(SuiteRunnerWorker.java:52)
	at org.testng.SuiteRunnerWorker.run(SuiteRunnerWorker.java:84)
	at org.testng.TestNG.runSuitesSequentially(TestNG.java:1208)
	at org.testng.TestNG.runSuitesLocally(TestNG.java:1137)
	at org.testng.TestNG.runSuites(TestNG.java:1049)
	at org.testng.TestNG.run(TestNG.java:1017)
	at org.apache.maven.surefire.testng.TestNGExecutor.run(TestNGExecutor.java:295)
	at org.apache.maven.surefire.testng.TestNGXmlTestSuite.execute(TestNGXmlTestSuite.java:84)
	at org.apache.maven.surefire.testng.TestNGProvider.invoke(TestNGProvider.java:90)
	at org.apache.maven.surefire.booter.ForkedBooter.invokeProviderInSameClassLoader(ForkedBooter.java:203)
	at org.apache.maven.surefire.booter.ForkedBooter.runSuitesInProcess(ForkedBooter.java:155)
	at org.apache.maven.surefire.booter.ForkedBooter.main(ForkedBooter.java:103)
]]></failure>
    <system-err><![CDATA[Starting ChromeDriver 87.0.4280.20 (c99e81631faa0b2a448e658c0dbd8311fb04ddbd-refs/branch-heads/4280@{#355}) on port 46959
Only local connections are allowed.
Please see https://chromedriver.chromium.org/security-considerations for suggestions on keeping ChromeDriver safe.
ChromeDriver was started successfully.
[1609782163.547][WARNING]: Timed out connecting to Chrome, retrying...
[1609782779.715][SEVERE]: Timed out receiving message from renderer: 600.000
]]></system-err>
  </testcase>
  <testcase name="addNewCustomer" classname="com.AudiV1.testCases.TC_AddNewCustomer" time="0">
    <skipped/>
  </testcase>
  <testcase name="tearDown" classname="com.AudiV1.testCases.TC_AddNewCustomer" time="0">
    <skipped/>
  </testcase>
</testsuite>